<?xml version="1.0" encoding="UTF-8" ?>
<testsuite errors="1" failures="0" hostname="hugu-Aspire-5600" name="mvntestgroup.tmpTest" tests="1" time="0.0" timestamp="2012-11-17T14:45:25">
  <properties>
[...]
</properties>
  <error message="mvntestgroup.tmpTest" type="java.lang.ClassNotFoundException">java.lang.ClassNotFoundException: mvntestgroup.tmpTest
	at java.net.URLClassLoader$1.run(URLClassLoader.java:217)
	at java.security.AccessController.doPrivileged(Native Method)
	at java.net.URLClassLoader.findClass(URLClassLoader.java:205)
	at java.lang.ClassLoader.loadClass(ClassLoader.java:321)
	at sun.misc.Launcher$AppClassLoader.loadClass(Launcher.java:294)
	at java.lang.ClassLoader.loadClass(ClassLoader.java:266)
	at java.lang.Class.forName0(Native Method)
	at java.lang.Class.forName(Class.java:186)
</error>
  <system-out><![CDATA[]]></system-out>
  <system-err><![CDATA[]]></system-err>
</testsuite>
